<?xml version="1.0" encoding="UTF-8"?>
<!-- Generated by org.testng.reporters.JUnitReportReporter -->
<testsuite ignored="0" hostname="mds-MacBook-Pro.local" failures="0" tests="1" name="testCases.LoginSuccess" time="0.982" errors="0" timestamp="24 Nov 2020 00:36:04 GMT" skipped="0">
  <testcase classname="testCases.LoginSuccess" name="userAbleToValidateErrorTextOnSignInpage" time="0.982"/>
</testsuite> <!-- testCases.LoginSuccess -->
