<?xml version="1.0" encoding="UTF-8"?>
<!-- Generated by org.testng.reporters.JUnitReportReporter -->
<testsuite ignored="0" hostname="mds-MacBook-Pro.local" failures="0" tests="1" name="testCases.Context_menu" time="2.659" errors="0" timestamp="24 Nov 2020 00:42:00 GMT" skipped="0">
  <testcase classname="testCases.Context_menu" name="context_menu" time="2.659"/>
</testsuite> <!-- testCases.Context_menu -->
