<?xml version="1.0" encoding="UTF-8"?>
<!-- Generated by org.testng.reporters.JUnitReportReporter -->
<testsuite ignored="0" hostname="mds-MacBook-Pro.local" failures="0" tests="1" name="testCases.LoginFailure" time="0.900" errors="0" timestamp="24 Nov 2020 00:42:00 GMT" skipped="0">
  <testcase classname="testCases.LoginFailure" name="userAbleToValidateErrorTextOnSignInpage" time="0.900"/>
</testsuite> <!-- testCases.LoginFailure -->
