<?xml version="1.0" encoding="UTF-8"?>
<!-- Generated by org.testng.reporters.JUnitReportReporter -->
<testsuite ignored="0" hostname="mds-MacBook-Pro.local" failures="0" tests="1" name="testCases.JavascriptAlert_15" time="14.920" errors="0" timestamp="27 Nov 2020 01:45:00 GMT" skipped="0">
  <testcase classname="testCases.JavascriptAlert_15" name="javascriptAlert_15" time="14.920"/>
</testsuite> <!-- testCases.JavascriptAlert_15 -->
