<?xml version="1.0" encoding="UTF-8"?>
<!-- Generated by org.testng.reporters.JUnitReportReporter -->
<testsuite ignored="0" hostname="mds-MacBook-Pro.local" failures="0" tests="1" name="testCases.FileUpload_11" time="10.620" errors="0" timestamp="26 Nov 2020 02:16:09 GMT" skipped="0">
  <testcase classname="testCases.FileUpload_11" name="dynamicLoading_9" time="10.620"/>
</testsuite> <!-- testCases.FileUpload_11 -->
