<?xml version="1.0" encoding="UTF-8"?>
<!-- Generated by org.testng.reporters.JUnitReportReporter -->
<testsuite ignored="0" hostname="mds-MacBook-Pro.local" failures="0" tests="1" name="testCases.One_LoginSuccess" time="0.901" errors="0" timestamp="29 Nov 2020 00:22:19 GMT" skipped="0">
  <testcase classname="testCases.One_LoginSuccess" name="userAbleToValidateErrorTextOnSignInpage" time="0.901"/>
</testsuite> <!-- testCases.One_LoginSuccess -->
