<?xml version="1.0" encoding="UTF-8"?>
<!-- Generated by org.testng.reporters.JUnitReportReporter -->
<testsuite ignored="0" hostname="mds-MacBook-Pro.local" failures="0" tests="1" name="testCases.Drag_and_drop" time="2.905" errors="0" timestamp="24 Nov 2020 00:08:37 GMT" skipped="0">
  <testcase classname="testCases.Drag_and_drop" name="drag_and_drop" time="2.905"/>
</testsuite> <!-- testCases.Drag_and_drop -->
