<?xml version="1.0" encoding="UTF-8"?>
<!-- Generated by org.testng.reporters.JUnitReportReporter -->
<testsuite ignored="0" hostname="mds-MacBook-Pro.local" failures="0" tests="1" name="testCases.DynamicLoading_9" time="6.694" errors="0" timestamp="24 Nov 2020 02:09:12 GMT" skipped="0">
  <testcase classname="testCases.DynamicLoading_9" name="dynamicLoading_9" time="6.694"/>
</testsuite> <!-- testCases.DynamicLoading_9 -->
