<?xml version="1.0" encoding="UTF-8"?>
<!-- Generated by org.testng.reporters.JUnitReportReporter -->
<testsuite ignored="0" hostname="mds-MacBook-Pro.local" failures="0" tests="1" name="testCases.UserAbleToValidateErrorTextOnSignInpage" time="0.812" errors="0" timestamp="10 Nov 2020 23:34:15 GMT" skipped="0">
  <testcase classname="testCases.UserAbleToValidateErrorTextOnSignInpage" name="userAbleToValidateErrorTextOnSignInpage" time="0.812"/>
</testsuite> <!-- testCases.UserAbleToValidateErrorTextOnSignInpage -->
