<?xml version="1.0" encoding="UTF-8"?>
<!-- Generated by org.testng.reporters.JUnitReportReporter -->
<testsuite ignored="0" hostname="mds-MacBook-Pro.local" failures="0" tests="1" name="testCases.Twelve_FloatingMenu_Scroll" time="3.540" errors="0" timestamp="29 Nov 2020 00:22:19 GMT" skipped="0">
  <testcase classname="testCases.Twelve_FloatingMenu_Scroll" name="floatingMenu_12" time="3.540"/>
</testsuite> <!-- testCases.Twelve_FloatingMenu_Scroll -->
