<?xml version="1.0" encoding="UTF-8"?>
<!-- Generated by org.testng.reporters.JUnitReportReporter -->
<testsuite ignored="0" hostname="mds-MacBook-Pro.local" failures="0" tests="1" name="testCases.Sixteen_JavascriptError" time="1.466" errors="0" timestamp="29 Nov 2020 00:22:19 GMT" skipped="0">
  <testcase classname="testCases.Sixteen_JavascriptError" name="javascriptError_16" time="1.466"/>
</testsuite> <!-- testCases.Sixteen_JavascriptError -->
