<?xml version="1.0" encoding="UTF-8"?>
<!-- Generated by org.testng.reporters.JUnitReportReporter -->
<testsuite ignored="0" hostname="mds-MacBook-Pro.local" failures="0" tests="1" name="testCases.MouseHover_14" time="9.980" errors="0" timestamp="26 Nov 2020 19:07:49 GMT" skipped="0">
  <testcase classname="testCases.MouseHover_14" name="mouseHover_14" time="9.980"/>
</testsuite> <!-- testCases.MouseHover_14 -->
