<?xml version="1.0" encoding="UTF-8"?>
<!-- Generated by org.testng.reporters.JUnitReportReporter -->
<testsuite ignored="0" hostname="mds-MacBook-Pro.local" failures="0" tests="1" name="testCases.Ten_FileDownload" time="3.586" errors="0" timestamp="29 Nov 2020 00:22:19 GMT" skipped="0">
  <testcase classname="testCases.Ten_FileDownload" name="fileDownload_10" time="3.586"/>
</testsuite> <!-- testCases.Ten_FileDownload -->
