<?xml version="1.0" encoding="UTF-8"?>
<!-- Generated by org.testng.reporters.JUnitReportReporter -->
<testsuite ignored="0" hostname="mds-MacBook-Pro.local" failures="0" tests="1" name="testCases.OpenNewTab_17" time="5.822" errors="0" timestamp="27 Nov 2020 12:15:47 GMT" skipped="0">
  <testcase classname="testCases.OpenNewTab_17" name="openNewTab_17" time="5.822"/>
</testsuite> <!-- testCases.OpenNewTab_17 -->
