<?xml version="1.0" encoding="UTF-8"?>
<!-- Generated by org.testng.reporters.JUnitReportReporter -->
<testsuite ignored="0" hostname="mds-MacBook-Pro.local" failures="0" tests="1" name="testCases.Seventeen_OpenNewTab" time="5.637" errors="0" timestamp="29 Nov 2020 00:22:19 GMT" skipped="0">
  <testcase classname="testCases.Seventeen_OpenNewTab" name="openNewTab_17" time="5.637"/>
</testsuite> <!-- testCases.Seventeen_OpenNewTab -->
