<?xml version="1.0" encoding="UTF-8"?>
<!-- Generated by org.testng.reporters.JUnitReportReporter -->
<testsuite ignored="0" hostname="mds-MacBook-Pro.local" failures="0" tests="1" name="testCases.Iframe_13" time="7.992" errors="0" timestamp="26 Nov 2020 18:03:16 GMT" skipped="0">
  <testcase classname="testCases.Iframe_13" name="iframe_13" time="7.992"/>
</testsuite> <!-- testCases.Iframe_13 -->
