<?xml version="1.0" encoding="UTF-8"?>
<!-- Generated by org.testng.reporters.JUnitReportReporter -->
<testsuite ignored="0" hostname="mds-MacBook-Pro.local" failures="0" tests="1" name="testCases.Dynamic_content" time="2.675" errors="0" timestamp="24 Nov 2020 00:08:37 GMT" skipped="0">
  <testcase classname="testCases.Dynamic_content" name="dynamic_content" time="2.675"/>
</testsuite> <!-- testCases.Dynamic_content -->
