<?xml version="1.0" encoding="UTF-8"?>
<!-- Generated by org.testng.reporters.JUnitReportReporter -->
<testsuite ignored="0" hostname="mds-MacBook-Pro.local" failures="0" tests="1" name="testCases.NotificaitonMessage_18" time="3.817" errors="0" timestamp="27 Nov 2020 22:48:43 GMT" skipped="0">
  <testcase classname="testCases.NotificaitonMessage_18" name="notificaitonMessage_18" time="3.817"/>
</testsuite> <!-- testCases.NotificaitonMessage_18 -->
