<?xml version="1.0" encoding="UTF-8"?>
<!-- Generated by org.testng.reporters.JUnitReportReporter -->
<testsuite ignored="0" hostname="mds-MacBook-Pro.local" failures="0" tests="1" name="testCases.DataTable" time="5.472" errors="0" timestamp="28 Nov 2020 01:31:52 GMT" skipped="0">
  <testcase classname="testCases.DataTable" name="dataTable" time="5.472"/>
</testsuite> <!-- testCases.DataTable -->
