<?xml version="1.0" encoding="UTF-8"?>
<!-- Generated by org.testng.reporters.JUnitReportReporter -->
<testsuite ignored="0" hostname="mds-MacBook-Pro.local" failures="0" tests="1" name="testCases.Fourteen_MouseHover" time="9.935" errors="0" timestamp="29 Nov 2020 00:22:19 GMT" skipped="0">
  <testcase classname="testCases.Fourteen_MouseHover" name="mouseHover_14" time="9.935"/>
</testsuite> <!-- testCases.Fourteen_MouseHover -->
