<?xml version="1.0" encoding="UTF-8"?>
<!-- Generated by org.testng.reporters.JUnitReportReporter -->
<testsuite ignored="0" hostname="mds-MacBook-Pro.local" failures="0" tests="1" name="testCases.Two_LoginFailure" time="0.903" errors="0" timestamp="29 Nov 2020 00:22:19 GMT" skipped="0">
  <testcase classname="testCases.Two_LoginFailure" name="userAbleToValidateErrorTextOnSignInpage" time="0.903"/>
</testsuite> <!-- testCases.Two_LoginFailure -->
