<?xml version="1.0" encoding="UTF-8"?>
<!-- Generated by org.testng.reporters.JUnitReportReporter -->
<testsuite ignored="0" hostname="mds-MacBook-Pro.local" failures="0" tests="1" name="testCases.WebTable_18" time="5.212" errors="0" timestamp="28 Nov 2020 01:40:56 GMT" skipped="0">
  <testcase classname="testCases.WebTable_18" name="dataTable" time="5.212"/>
</testsuite> <!-- testCases.WebTable_18 -->
