<?xml version="1.0" encoding="UTF-8"?>
<!-- Generated by org.testng.reporters.JUnitReportReporter -->
<testsuite ignored="0" hostname="mds-MacBook-Pro.local" failures="0" tests="1" name="testCases.Eleven_FileUpload" time="14.937" errors="0" timestamp="29 Nov 2020 18:57:59 GMT" skipped="0">
  <testcase classname="testCases.Eleven_FileUpload" name="fileUpload_11" time="14.937"/>
</testsuite> <!-- testCases.Eleven_FileUpload -->
