<?xml version="1.0" encoding="UTF-8"?>
<!-- Generated by org.testng.reporters.JUnitReportReporter -->
<testsuite ignored="0" hostname="mds-MacBook-Pro.local" failures="0" tests="1" name="testCases.Dropdown_6" time="3.102" errors="0" timestamp="26 Nov 2020 19:29:33 GMT" skipped="0">
  <testcase classname="testCases.Dropdown_6" name="dropdown" time="3.102"/>
</testsuite> <!-- testCases.Dropdown_6 -->
