<?xml version="1.0" encoding="UTF-8"?>
<!-- Generated by org.testng.reporters.JUnitReportReporter -->
<testsuite ignored="0" hostname="mds-MacBook-Pro.local" failures="0" tests="1" name="testCases.FileDownload_10" time="3.638" errors="0" timestamp="25 Nov 2020 02:49:48 GMT" skipped="0">
  <testcase classname="testCases.FileDownload_10" name="FileDownload_10" time="3.638"/>
</testsuite> <!-- testCases.FileDownload_10 -->
