<?xml version="1.0" encoding="UTF-8"?>
<!-- Generated by org.testng.reporters.JUnitReportReporter -->
<testsuite ignored="0" hostname="mds-MacBook-Pro.local" failures="0" tests="1" name="testCases.FloatingMenu_Scroll_12" time="4.612" errors="0" timestamp="26 Nov 2020 14:58:16 GMT" skipped="0">
  <testcase classname="testCases.FloatingMenu_Scroll_12" name="floatingMenu_12" time="4.612"/>
</testsuite> <!-- testCases.FloatingMenu_Scroll_12 -->
