<?xml version="1.0" encoding="UTF-8"?>
<!-- Generated by org.testng.reporters.JUnitReportReporter -->
<testsuite ignored="0" hostname="mds-MacBook-Pro.local" failures="0" tests="1" name="testCases.Fifteen_JavascriptAlert" time="12.735" errors="0" timestamp="29 Nov 2020 00:22:19 GMT" skipped="0">
  <testcase classname="testCases.Fifteen_JavascriptAlert" name="javascriptAlert_15" time="12.735"/>
</testsuite> <!-- testCases.Fifteen_JavascriptAlert -->
