<?xml version="1.0" encoding="UTF-8"?>
<!-- Generated by org.testng.reporters.JUnitReportReporter -->
<testsuite ignored="0" hostname="mds-MacBook-Pro.local" failures="0" tests="1" name="testCases.Three_CheckBoxes" time="3.612" errors="0" timestamp="29 Nov 2020 00:22:19 GMT" skipped="0">
  <testcase classname="testCases.Three_CheckBoxes" name="checkBoxes" time="3.612"/>
</testsuite> <!-- testCases.Three_CheckBoxes -->
