<?xml version="1.0" encoding="UTF-8"?>
<!-- Generated by org.testng.reporters.JUnitReportReporter -->
<testsuite ignored="0" hostname="mds-MacBook-Pro.local" failures="0" tests="1" name="testCases.Eighteen_NotificaitonMessage" time="3.689" errors="0" timestamp="29 Nov 2020 00:22:19 GMT" skipped="0">
  <testcase classname="testCases.Eighteen_NotificaitonMessage" name="notificaitonMessage_18" time="3.689"/>
</testsuite> <!-- testCases.Eighteen_NotificaitonMessage -->
