<?xml version="1.0" encoding="UTF-8"?>
<!-- Generated by org.testng.reporters.JUnitReportReporter -->
<testsuite ignored="0" hostname="mds-MacBook-Pro.local" failures="0" tests="1" name="testCases.Five_Drag_and_drop" time="2.865" errors="0" timestamp="29 Nov 2020 00:22:19 GMT" skipped="0">
  <testcase classname="testCases.Five_Drag_and_drop" name="drag_and_drop" time="2.865"/>
</testsuite> <!-- testCases.Five_Drag_and_drop -->
